<?xml version="1.0" encoding="UTF-8"?>
<!-- Generated by org.testng.reporters.JUnitReportReporter -->
<testsuite hostname="DESKTOP-1GQAEG1" failures="0" tests="4" name="basics.Demo" time="23.208" errors="0" timestamp="2025-01-07T11:16:34 IST" skipped="0">
  <testcase classname="basics.Demo" name="login" time="4.702"/>
  <system-out/>
  <testcase classname="basics.Demo" name="login" time="5.891"/>
  <system-out/>
  <testcase classname="basics.Demo" name="login" time="7.343"/>
  <system-out/>
  <testcase classname="basics.Demo" name="login" time="5.272"/>
  <system-out/>
</testsuite> <!-- basics.Demo -->
